Using pre-set license
Built from '2021.1/release' branch; Version is '2021.1.0f1 (61a549675243) revision 6399305'; Using compiler version '192528614'; Build Type 'Release'
OS: 'Windows 10 Pro; OS build 19043.1466; Version 2009; 64bit' Language: 'en' Physical Memory: 24413 MB
BatchMode: 1, IsHumanControllingUs: 0, StartBugReporterOnCrash: 0, Is64bit: 1, IsPro: 0

 COMMAND LINE ARGUMENTS:
D:\Unity\Editor\2021.1.0f1\Editor\Unity.exe
-adb2
-batchMode
-noUpm
-name
AssetImportWorker0
-projectPath
D:/UnityProject/FruitNinja
-logFile
Logs/AssetImportWorker0.log
-srvPort
56519
Successfully changed project path to: D:/UnityProject/FruitNinja
D:/UnityProject/FruitNinja
Using Asset Import Pipeline V2.
Refreshing native plugins compatible for Editor in 54.07 ms, found 1 plugins.
Preloading 0 native plugins for Editor in 0.00 ms.
Initialize engine version: 2021.1.0f1 (61a549675243)
[Subsystems] Discovering subsystems at path D:/Unity/Editor/2021.1.0f1/Editor/Data/Resources/UnitySubsystems
[Subsystems] Discovering subsystems at path D:/UnityProject/FruitNinja/Assets
GfxDevice: creating device client; threaded=0; jobified=0
Direct3D:
    Version:  Direct3D 11.0 [level 11.1]
    Renderer: NVIDIA GeForce RTX 3060 (ID=0x2504)
    Vendor:   NVIDIA
    VRAM:     12143 MB
    Driver:   30.0.14.7239
Initialize mono
Mono path[0] = 'D:/Unity/Editor/2021.1.0f1/Editor/Data/Managed'
Mono path[1] = 'D:/Unity/Editor/2021.1.0f1/Editor/Data/MonoBleedingEdge/lib/mono/unityjit'
Mono config path = 'D:/Unity/Editor/2021.1.0f1/Editor/Data/MonoBleedingEdge/etc'
Using monoOptions --debugger-agent=transport=dt_socket,embedding=1,server=y,suspend=n,address=127.0.0.1:56468
Begin MonoManager ReloadAssembly
Registering precompiled unity dll's ...
Register platform support module: D:/Unity/Editor/2021.1.0f1/Editor/Data/PlaybackEngines/WindowsStandaloneSupport/UnityEditor.WindowsStandalone.Extensions.dll
Registered in 0.000666 seconds.
Native extension for WindowsStandalone target not found
Refreshing native plugins compatible for Editor in 56.74 ms, found 1 plugins.
Preloading 0 native plugins for Editor in 0.00 ms.
Mono: successfully reloaded assembly
- Completed reload, in  1.013 seconds
Platform modules already initialized, skipping
Registering precompiled user dll's ...
Registered in 0.001392 seconds.
Begin MonoManager ReloadAssembly
Native extension for WindowsStandalone target not found
Refreshing native plugins compatible for Editor in 0.33 ms, found 1 plugins.
Preloading 0 native plugins for Editor in 0.00 ms.
Mono: successfully reloaded assembly
- Completed reload, in  0.641 seconds
Platform modules already initialized, skipping
========================================================================
Worker process is ready to serve import requests
Launched and connected shader compiler UnityShaderCompiler.exe after 0.04 seconds
Refreshing native plugins compatible for Editor in 0.56 ms, found 1 plugins.
Preloading 0 native plugins for Editor in 0.00 ms.
Unloading 2670 Unused Serialized files (Serialized files now loaded: 0)
System memory in use before: 98.2 MB.
System memory in use after: 98.4 MB.

Unloading 15 unused Assets to reduce memory usage. Loaded Objects now: 3121.
Total: 2.830100 ms (FindLiveObjects: 0.367800 ms CreateObjectMapping: 0.169000 ms MarkObjects: 2.202700 ms  DeleteObjects: 0.089500 ms)

========================================================================
Received Import Request.
  path: Assets/Models/fbx
  artifactKey: Guid(33c648c125f68c04399ed499c1212c9a) Importer(815301076,1909f56bfc062723c751e8b465ee728b)
Start importing Assets/Models/fbx using Guid(33c648c125f68c04399ed499c1212c9a) Importer(815301076,1909f56bfc062723c751e8b465ee728b)  -> (artifact id: '0afe08916ab696308b3e31ec592f67e8') in 0.007003 seconds 
========================================================================
Received Import Request.
  Time since last request: 5.409684 seconds.
  path: Assets/Sound/bomb_sound.mp3
  artifactKey: Guid(0a37688271998c743bb1788c57d3f509) Importer(815301076,1909f56bfc062723c751e8b465ee728b)
Start importing Assets/Sound/bomb_sound.mp3 using Guid(0a37688271998c743bb1788c57d3f509) Importer(815301076,1909f56bfc062723c751e8b465ee728b)  -> (artifact id: '75951dcb5a32d3fff7384cf05c2611de') in 0.089467 seconds 
========================================================================
Received Import Request.
  Time since last request: 0.000218 seconds.
  path: Assets/Sound/slide_sound.mp3
  artifactKey: Guid(be732d63746868249a2c1418421b9e30) Importer(815301076,1909f56bfc062723c751e8b465ee728b)
Start importing Assets/Sound/slide_sound.mp3 using Guid(be732d63746868249a2c1418421b9e30) Importer(815301076,1909f56bfc062723c751e8b465ee728b)  -> (artifact id: 'ff8b91b5b5f05e942c7fff9a97a769ca') in 0.015346 seconds 
